/usr/sbin/mysqld, Version: 8.0.33 (MySQL Community Server - GPL). started with:
Tcp port: 3306  Unix socket: /var/run/mysqld/mysqld.sock
Time                 Id Command    Argument
# Time: 2023-06-17T12:01:50.732726Z
# User@Host: mysql[mysql] @  [192.168.80.3]  Id:    11
# Query_time: 10.091049  Lock_time: 0.000007 Rows_sent: 1  Rows_examined: 300002
use app;
SET timestamp=1687003300;
SELECT user_id, user_name, office_id, user_icon_id FROM user ORDER BY RAND() LIMIT 1;
# Time: 2023-06-17T12:01:50.732725Z
# User@Host: mysql[mysql] @  [192.168.80.3]  Id:    16
# Query_time: 10.089985  Lock_time: 0.000015 Rows_sent: 1  Rows_examined: 300002
SET timestamp=1687003300;
SELECT user_id, user_name, office_id, user_icon_id FROM user ORDER BY RAND() LIMIT 1;
# Time: 2023-06-17T12:02:15.643895Z
# User@Host: mysql[mysql] @  [192.168.80.3]  Id:    11
# Query_time: 4.365414  Lock_time: 0.000001 Rows_sent: 1  Rows_examined: 300002
SET timestamp=1687003331;
SELECT user_id, user_name, office_id, user_icon_id FROM user ORDER BY RAND() LIMIT 1;
# Time: 2023-06-17T12:03:31.523356Z
# User@Host: mysql[mysql] @  [192.168.80.3]  Id:    17
# Query_time: 2.089057  Lock_time: 0.000001 Rows_sent: 1  Rows_examined: 300002
SET timestamp=1687003409;
SELECT user_id, user_name, office_id, user_icon_id FROM user ORDER BY RAND() LIMIT 1;
# Time: 2023-06-17T12:03:31.682826Z
# User@Host: mysql[mysql] @  [192.168.80.3]  Id:    12
# Query_time: 1.157183  Lock_time: 0.000001 Rows_sent: 1  Rows_examined: 300002
SET timestamp=1687003410;
SELECT user_id, user_name, office_id, user_icon_id FROM user ORDER BY RAND() LIMIT 1;
# Time: 2023-06-17T12:03:31.694111Z
# User@Host: mysql[mysql] @  [192.168.80.3]  Id:    15
# Query_time: 1.120632  Lock_time: 0.000002 Rows_sent: 1  Rows_examined: 300002
SET timestamp=1687003410;
SELECT user_id, user_name, office_id, user_icon_id FROM user ORDER BY RAND() LIMIT 1;
# Time: 2023-06-17T12:03:32.217514Z
# User@Host: mysql[mysql] @  [192.168.80.3]  Id:    13
# Query_time: 1.222915  Lock_time: 0.000002 Rows_sent: 1  Rows_examined: 300002
SET timestamp=1687003410;
SELECT user_id, user_name, office_id, user_icon_id FROM user ORDER BY RAND() LIMIT 1;
# Time: 2023-06-17T12:03:32.478489Z
# User@Host: mysql[mysql] @  [192.168.80.3]  Id:    10
# Query_time: 1.108492  Lock_time: 0.000001 Rows_sent: 1  Rows_examined: 300002
SET timestamp=1687003411;
SELECT user_id, user_name, office_id, user_icon_id FROM user ORDER BY RAND() LIMIT 1;
# Time: 2023-06-17T12:03:33.643917Z
# User@Host: mysql[mysql] @  [192.168.80.3]  Id:    13
# Query_time: 1.027486  Lock_time: 0.000001 Rows_sent: 1  Rows_examined: 300002
SET timestamp=1687003412;
SELECT user_id, user_name, office_id, user_icon_id FROM user ORDER BY RAND() LIMIT 1;
# Time: 2023-06-17T12:03:35.593157Z
# User@Host: mysql[mysql] @  [192.168.80.3]  Id:    13
# Query_time: 1.074200  Lock_time: 0.000002 Rows_sent: 1  Rows_examined: 300002
SET timestamp=1687003414;
SELECT user_id, user_name, office_id, user_icon_id FROM user ORDER BY RAND() LIMIT 1;
# Time: 2023-06-17T12:03:36.031384Z
# User@Host: mysql[mysql] @  [192.168.80.3]  Id:    16
# Query_time: 1.044070  Lock_time: 0.000001 Rows_sent: 1  Rows_examined: 300002
SET timestamp=1687003414;
SELECT user_id, user_name, office_id, user_icon_id FROM user ORDER BY RAND() LIMIT 1;
# Time: 2023-06-17T12:03:36.827073Z
# User@Host: mysql[mysql] @  [192.168.80.3]  Id:    11
# Query_time: 1.021985  Lock_time: 0.000001 Rows_sent: 1  Rows_examined: 300002
SET timestamp=1687003415;
SELECT user_id, user_name, office_id, user_icon_id FROM user ORDER BY RAND() LIMIT 1;
# Time: 2023-06-17T12:03:36.833090Z
# User@Host: mysql[mysql] @  [192.168.80.3]  Id:    10
# Query_time: 1.018872  Lock_time: 0.000001 Rows_sent: 1  Rows_examined: 300002
SET timestamp=1687003415;
SELECT user_id, user_name, office_id, user_icon_id FROM user ORDER BY RAND() LIMIT 1;
# Time: 2023-06-17T12:03:36.828405Z
# User@Host: mysql[mysql] @  [192.168.80.3]  Id:    17
# Query_time: 1.014253  Lock_time: 0.000001 Rows_sent: 1  Rows_examined: 300002
SET timestamp=1687003415;
SELECT user_id, user_name, office_id, user_icon_id FROM user ORDER BY RAND() LIMIT 1;
# Time: 2023-06-17T12:03:37.846817Z
# User@Host: mysql[mysql] @  [192.168.80.3]  Id:    17
# Query_time: 1.006514  Lock_time: 0.000001 Rows_sent: 1  Rows_examined: 300002
SET timestamp=1687003416;
SELECT user_id, user_name, office_id, user_icon_id FROM user ORDER BY RAND() LIMIT 1;
# Time: 2023-06-17T12:03:38.365105Z
# User@Host: mysql[mysql] @  [192.168.80.3]  Id:    18
# Query_time: 1.030592  Lock_time: 0.000003 Rows_sent: 1  Rows_examined: 300002
SET timestamp=1687003417;
SELECT user_id, user_name, office_id, user_icon_id FROM user ORDER BY RAND() LIMIT 1;
# Time: 2023-06-17T12:03:38.378482Z
# User@Host: mysql[mysql] @  [192.168.80.3]  Id:    15
# Query_time: 1.036953  Lock_time: 0.000002 Rows_sent: 1  Rows_examined: 300002
SET timestamp=1687003417;
SELECT user_id, user_name, office_id, user_icon_id FROM user ORDER BY RAND() LIMIT 1;
# Time: 2023-06-17T12:03:38.382294Z
# User@Host: mysql[mysql] @  [192.168.80.3]  Id:    13
# Query_time: 1.049206  Lock_time: 0.000002 Rows_sent: 1  Rows_examined: 300002
SET timestamp=1687003417;
SELECT user_id, user_name, office_id, user_icon_id FROM user ORDER BY RAND() LIMIT 1;
# Time: 2023-06-17T12:03:39.805620Z
# User@Host: mysql[mysql] @  [192.168.80.3]  Id:    11
# Query_time: 1.012635  Lock_time: 0.000001 Rows_sent: 1  Rows_examined: 300002
SET timestamp=1687003418;
SELECT user_id, user_name, office_id, user_icon_id FROM user ORDER BY RAND() LIMIT 1;
# Time: 2023-06-17T12:03:39.822764Z
# User@Host: mysql[mysql] @  [192.168.80.3]  Id:    14
# Query_time: 1.045054  Lock_time: 0.000001 Rows_sent: 1  Rows_examined: 300002
SET timestamp=1687003418;
SELECT user_id, user_name, office_id, user_icon_id FROM user ORDER BY RAND() LIMIT 1;
# Time: 2023-06-17T12:03:40.383516Z
# User@Host: mysql[mysql] @  [192.168.80.3]  Id:    19
# Query_time: 1.058536  Lock_time: 0.000003 Rows_sent: 1  Rows_examined: 300002
SET timestamp=1687003419;
SELECT user_id, user_name, office_id, user_icon_id FROM user ORDER BY RAND() LIMIT 1;
# Time: 2023-06-17T12:03:40.738921Z
# User@Host: mysql[mysql] @  [192.168.80.3]  Id:    17
# Query_time: 1.001420  Lock_time: 0.000003 Rows_sent: 1  Rows_examined: 300002
SET timestamp=1687003419;
SELECT user_id, user_name, office_id, user_icon_id FROM user ORDER BY RAND() LIMIT 1;
# Time: 2023-06-17T12:03:42.781175Z
# User@Host: mysql[mysql] @  [192.168.80.3]  Id:    14
# Query_time: 1.105658  Lock_time: 0.000002 Rows_sent: 1  Rows_examined: 300002
SET timestamp=1687003421;
SELECT user_id, user_name, office_id, user_icon_id FROM user ORDER BY RAND() LIMIT 1;
# Time: 2023-06-17T12:03:43.187239Z
# User@Host: mysql[mysql] @  [192.168.80.3]  Id:    16
# Query_time: 1.076248  Lock_time: 0.000001 Rows_sent: 1  Rows_examined: 300002
SET timestamp=1687003422;
SELECT user_id, user_name, office_id, user_icon_id FROM user ORDER BY RAND() LIMIT 1;
# Time: 2023-06-17T12:03:43.665436Z
# User@Host: mysql[mysql] @  [192.168.80.3]  Id:    15
# Query_time: 1.074447  Lock_time: 0.000001 Rows_sent: 1  Rows_examined: 300002
SET timestamp=1687003422;
SELECT user_id, user_name, office_id, user_icon_id FROM user ORDER BY RAND() LIMIT 1;
# Time: 2023-06-17T12:03:44.832581Z
# User@Host: mysql[mysql] @  [192.168.80.3]  Id:    13
# Query_time: 1.049168  Lock_time: 0.000001 Rows_sent: 1  Rows_examined: 300002
SET timestamp=1687003423;
SELECT user_id, user_name, office_id, user_icon_id FROM user ORDER BY RAND() LIMIT 1;
# Time: 2023-06-17T12:03:45.065672Z
# User@Host: mysql[mysql] @  [192.168.80.3]  Id:    19
# Query_time: 1.129922  Lock_time: 0.000001 Rows_sent: 1  Rows_examined: 300002
SET timestamp=1687003423;
SELECT user_id, user_name, office_id, user_icon_id FROM user ORDER BY RAND() LIMIT 1;
# Time: 2023-06-17T12:03:45.265172Z
# User@Host: mysql[mysql] @  [192.168.80.3]  Id:    11
# Query_time: 1.090682  Lock_time: 0.000002 Rows_sent: 1  Rows_examined: 300002
SET timestamp=1687003424;
SELECT user_id, user_name, office_id, user_icon_id FROM user ORDER BY RAND() LIMIT 1;
# Time: 2023-06-17T12:03:45.670827Z
# User@Host: mysql[mysql] @  [192.168.80.3]  Id:    15
# Query_time: 1.177172  Lock_time: 0.000001 Rows_sent: 1  Rows_examined: 300002
SET timestamp=1687003424;
SELECT user_id, user_name, office_id, user_icon_id FROM user ORDER BY RAND() LIMIT 1;
# Time: 2023-06-17T12:03:45.893264Z
# User@Host: mysql[mysql] @  [192.168.80.3]  Id:    13
# Query_time: 1.050221  Lock_time: 0.000001 Rows_sent: 1  Rows_examined: 300002
SET timestamp=1687003424;
SELECT user_id, user_name, office_id, user_icon_id FROM user ORDER BY RAND() LIMIT 1;
# Time: 2023-06-17T12:03:45.898171Z
# User@Host: mysql[mysql] @  [192.168.80.3]  Id:    16
# Query_time: 1.112715  Lock_time: 0.000003 Rows_sent: 1  Rows_examined: 300002
SET timestamp=1687003424;
SELECT user_id, user_name, office_id, user_icon_id FROM user ORDER BY RAND() LIMIT 1;
# Time: 2023-06-17T12:03:45.901671Z
# User@Host: mysql[mysql] @  [192.168.80.3]  Id:    10
# Query_time: 1.067711  Lock_time: 0.000002 Rows_sent: 1  Rows_examined: 300002
SET timestamp=1687003424;
SELECT user_id, user_name, office_id, user_icon_id FROM user ORDER BY RAND() LIMIT 1;
# Time: 2023-06-17T12:03:46.216423Z
# User@Host: mysql[mysql] @  [192.168.80.3]  Id:    17
# Query_time: 1.126411  Lock_time: 0.000002 Rows_sent: 1  Rows_examined: 300002
SET timestamp=1687003425;
SELECT user_id, user_name, office_id, user_icon_id FROM user ORDER BY RAND() LIMIT 1;
# Time: 2023-06-17T12:03:46.220771Z
# User@Host: mysql[mysql] @  [192.168.80.3]  Id:    19
# Query_time: 1.150213  Lock_time: 0.000001 Rows_sent: 1  Rows_examined: 300002
SET timestamp=1687003425;
SELECT user_id, user_name, office_id, user_icon_id FROM user ORDER BY RAND() LIMIT 1;
# Time: 2023-06-17T12:03:46.759555Z
# User@Host: mysql[mysql] @  [192.168.80.3]  Id:    15
# Query_time: 1.087246  Lock_time: 0.000003 Rows_sent: 1  Rows_examined: 300002
SET timestamp=1687003425;
SELECT user_id, user_name, office_id, user_icon_id FROM user ORDER BY RAND() LIMIT 1;
# Time: 2023-06-17T12:03:47.473075Z
# User@Host: mysql[mysql] @  [192.168.80.3]  Id:    18
# Query_time: 1.135838  Lock_time: 0.000002 Rows_sent: 1  Rows_examined: 300002
SET timestamp=1687003426;
SELECT user_id, user_name, office_id, user_icon_id FROM user ORDER BY RAND() LIMIT 1;
# Time: 2023-06-17T12:03:47.713991Z
# User@Host: mysql[mysql] @  [192.168.80.3]  Id:    12
# Query_time: 1.213682  Lock_time: 0.000001 Rows_sent: 1  Rows_examined: 300002
SET timestamp=1687003426;
SELECT user_id, user_name, office_id, user_icon_id FROM user ORDER BY RAND() LIMIT 1;
# Time: 2023-06-17T12:03:48.112771Z
# User@Host: mysql[mysql] @  [192.168.80.3]  Id:    10
# Query_time: 1.214701  Lock_time: 0.000001 Rows_sent: 1  Rows_examined: 300002
SET timestamp=1687003426;
SELECT user_id, user_name, office_id, user_icon_id FROM user ORDER BY RAND() LIMIT 1;
# Time: 2023-06-17T12:03:48.124458Z
# User@Host: mysql[mysql] @  [192.168.80.3]  Id:    15
# Query_time: 1.361933  Lock_time: 0.000002 Rows_sent: 1  Rows_examined: 300002
SET timestamp=1687003426;
SELECT user_id, user_name, office_id, user_icon_id FROM user ORDER BY RAND() LIMIT 1;
# Time: 2023-06-17T12:03:48.392166Z
# User@Host: mysql[mysql] @  [192.168.80.3]  Id:    19
# Query_time: 1.058047  Lock_time: 0.000001 Rows_sent: 1  Rows_examined: 300002
SET timestamp=1687003427;
SELECT user_id, user_name, office_id, user_icon_id FROM user ORDER BY RAND() LIMIT 1;
# Time: 2023-06-17T12:03:48.393458Z
# User@Host: mysql[mysql] @  [192.168.80.3]  Id:    17
# Query_time: 1.056949  Lock_time: 0.000001 Rows_sent: 1  Rows_examined: 300002
SET timestamp=1687003427;
SELECT user_id, user_name, office_id, user_icon_id FROM user ORDER BY RAND() LIMIT 1;
# Time: 2023-06-17T12:03:48.628967Z
# User@Host: mysql[mysql] @  [192.168.80.3]  Id:    14
# Query_time: 1.506913  Lock_time: 0.000002 Rows_sent: 1  Rows_examined: 300002
SET timestamp=1687003427;
SELECT user_id, user_name, office_id, user_icon_id FROM user ORDER BY RAND() LIMIT 1;
# Time: 2023-06-17T12:03:48.834887Z
# User@Host: mysql[mysql] @  [192.168.80.3]  Id:    11
# Query_time: 1.483430  Lock_time: 0.000002 Rows_sent: 1  Rows_examined: 300002
SET timestamp=1687003427;
SELECT user_id, user_name, office_id, user_icon_id FROM user ORDER BY RAND() LIMIT 1;
# Time: 2023-06-17T12:03:48.877303Z
# User@Host: mysql[mysql] @  [192.168.80.3]  Id:    18
# Query_time: 1.349042  Lock_time: 0.000001 Rows_sent: 1  Rows_examined: 300002
SET timestamp=1687003427;
SELECT user_id, user_name, office_id, user_icon_id FROM user ORDER BY RAND() LIMIT 1;
# Time: 2023-06-17T12:03:48.889042Z
# User@Host: mysql[mysql] @  [192.168.80.3]  Id:    13
# Query_time: 1.056047  Lock_time: 0.000001 Rows_sent: 1  Rows_examined: 300002
SET timestamp=1687003427;
SELECT user_id, user_name, office_id, user_icon_id FROM user ORDER BY RAND() LIMIT 1;
# Time: 2023-06-17T12:03:48.947263Z
# User@Host: mysql[mysql] @  [192.168.80.3]  Id:    12
# Query_time: 1.105500  Lock_time: 0.000001 Rows_sent: 1  Rows_examined: 300002
SET timestamp=1687003427;
SELECT user_id, user_name, office_id, user_icon_id FROM user ORDER BY RAND() LIMIT 1;
# Time: 2023-06-17T12:03:50.368122Z
# User@Host: mysql[mysql] @  [192.168.80.3]  Id:    17
# Query_time: 1.043639  Lock_time: 0.000002 Rows_sent: 1  Rows_examined: 300002
SET timestamp=1687003429;
SELECT user_id, user_name, office_id, user_icon_id FROM user ORDER BY RAND() LIMIT 1;
# Time: 2023-06-17T12:03:51.458997Z
# User@Host: mysql[mysql] @  [192.168.80.3]  Id:    17
# Query_time: 1.067112  Lock_time: 0.000002 Rows_sent: 1  Rows_examined: 300002
SET timestamp=1687003430;
SELECT user_id, user_name, office_id, user_icon_id FROM user ORDER BY RAND() LIMIT 1;
# Time: 2023-06-17T12:03:51.914913Z
# User@Host: mysql[mysql] @  [192.168.80.3]  Id:    13
# Query_time: 1.072634  Lock_time: 0.000001 Rows_sent: 1  Rows_examined: 300002
SET timestamp=1687003430;
SELECT user_id, user_name, office_id, user_icon_id FROM user ORDER BY RAND() LIMIT 1;
# Time: 2023-06-17T12:03:51.919974Z
# User@Host: mysql[mysql] @  [192.168.80.3]  Id:    19
# Query_time: 1.025342  Lock_time: 0.000021 Rows_sent: 1  Rows_examined: 300002
SET timestamp=1687003430;
SELECT user_id, user_name, office_id, user_icon_id FROM user ORDER BY RAND() LIMIT 1;
# Time: 2023-06-17T12:03:52.343192Z
# User@Host: mysql[mysql] @  [192.168.80.3]  Id:    16
# Query_time: 1.278545  Lock_time: 0.000005 Rows_sent: 1  Rows_examined: 300002
SET timestamp=1687003431;
SELECT user_id, user_name, office_id, user_icon_id FROM user ORDER BY RAND() LIMIT 1;
# Time: 2023-06-17T12:03:52.654233Z
# User@Host: mysql[mysql] @  [192.168.80.3]  Id:    17
# Query_time: 1.172280  Lock_time: 0.000002 Rows_sent: 1  Rows_examined: 300002
SET timestamp=1687003431;
SELECT user_id, user_name, office_id, user_icon_id FROM user ORDER BY RAND() LIMIT 1;
# Time: 2023-06-17T12:03:53.054712Z
# User@Host: mysql[mysql] @  [192.168.80.3]  Id:    11
# Query_time: 1.179261  Lock_time: 0.000001 Rows_sent: 1  Rows_examined: 300002
SET timestamp=1687003431;
SELECT user_id, user_name, office_id, user_icon_id FROM user ORDER BY RAND() LIMIT 1;
# Time: 2023-06-17T12:03:53.163889Z
# User@Host: mysql[mysql] @  [192.168.80.3]  Id:    19
# Query_time: 1.235787  Lock_time: 0.000001 Rows_sent: 1  Rows_examined: 300002
SET timestamp=1687003431;
SELECT user_id, user_name, office_id, user_icon_id FROM user ORDER BY RAND() LIMIT 1;
# Time: 2023-06-17T12:03:53.195869Z
# User@Host: mysql[mysql] @  [192.168.80.3]  Id:    15
# Query_time: 1.207965  Lock_time: 0.000001 Rows_sent: 1  Rows_examined: 300002
SET timestamp=1687003431;
SELECT user_id, user_name, office_id, user_icon_id FROM user ORDER BY RAND() LIMIT 1;
# Time: 2023-06-17T12:03:53.670414Z
# User@Host: mysql[mysql] @  [192.168.80.3]  Id:    12
# Query_time: 1.600790  Lock_time: 0.000001 Rows_sent: 1  Rows_examined: 300002
SET timestamp=1687003432;
SELECT user_id, user_name, office_id, user_icon_id FROM user ORDER BY RAND() LIMIT 1;
# Time: 2023-06-17T12:03:53.680219Z
# User@Host: mysql[mysql] @  [192.168.80.3]  Id:    17
# Query_time: 1.022185  Lock_time: 0.000001 Rows_sent: 1  Rows_examined: 300002
SET timestamp=1687003432;
SELECT user_id, user_name, office_id, user_icon_id FROM user ORDER BY RAND() LIMIT 1;
# Time: 2023-06-17T12:03:53.862539Z
# User@Host: mysql[mysql] @  [192.168.80.3]  Id:    16
# Query_time: 1.225161  Lock_time: 0.000001 Rows_sent: 1  Rows_examined: 300002
SET timestamp=1687003432;
SELECT user_id, user_name, office_id, user_icon_id FROM user ORDER BY RAND() LIMIT 1;
# Time: 2023-06-17T12:03:53.951001Z
# User@Host: mysql[mysql] @  [192.168.80.3]  Id:    14
# Query_time: 1.145091  Lock_time: 0.000000 Rows_sent: 1  Rows_examined: 300002
SET timestamp=1687003432;
SELECT user_id, user_name, office_id, user_icon_id FROM user ORDER BY RAND() LIMIT 1;
# Time: 2023-06-17T12:03:53.955094Z
# User@Host: mysql[mysql] @  [192.168.80.3]  Id:    10
# Query_time: 1.109884  Lock_time: 0.000003 Rows_sent: 1  Rows_examined: 300002
SET timestamp=1687003432;
SELECT user_id, user_name, office_id, user_icon_id FROM user ORDER BY RAND() LIMIT 1;
# Time: 2023-06-17T12:03:54.145243Z
# User@Host: mysql[mysql] @  [192.168.80.3]  Id:    13
# Query_time: 1.101157  Lock_time: 0.000003 Rows_sent: 1  Rows_examined: 300002
SET timestamp=1687003433;
SELECT user_id, user_name, office_id, user_icon_id FROM user ORDER BY RAND() LIMIT 1;
# Time: 2023-06-17T12:03:54.249915Z
# User@Host: mysql[mysql] @  [192.168.80.3]  Id:    11
# Query_time: 1.019978  Lock_time: 0.000004 Rows_sent: 1  Rows_examined: 300002
SET timestamp=1687003433;
SELECT user_id, user_name, office_id, user_icon_id FROM user ORDER BY RAND() LIMIT 1;
# Time: 2023-06-17T12:03:54.250200Z
# User@Host: mysql[mysql] @  [192.168.80.3]  Id:    15
# Query_time: 1.028284  Lock_time: 0.000002 Rows_sent: 1  Rows_examined: 300002
SET timestamp=1687003433;
SELECT user_id, user_name, office_id, user_icon_id FROM user ORDER BY RAND() LIMIT 1;
# Time: 2023-06-17T12:03:54.595535Z
# User@Host: mysql[mysql] @  [192.168.80.3]  Id:    19
# Query_time: 1.122278  Lock_time: 0.000002 Rows_sent: 1  Rows_examined: 300002
SET timestamp=1687003433;
SELECT user_id, user_name, office_id, user_icon_id FROM user ORDER BY RAND() LIMIT 1;
# Time: 2023-06-17T12:03:54.876496Z
# User@Host: mysql[mysql] @  [192.168.80.3]  Id:    16
# Query_time: 1.007323  Lock_time: 0.000002 Rows_sent: 1  Rows_examined: 300002
SET timestamp=1687003433;
SELECT user_id, user_name, office_id, user_icon_id FROM user ORDER BY RAND() LIMIT 1;
# Time: 2023-06-17T12:03:55.445222Z
# User@Host: mysql[mysql] @  [192.168.80.3]  Id:    11
# Query_time: 1.194227  Lock_time: 0.000034 Rows_sent: 1  Rows_examined: 300002
SET timestamp=1687003434;
SELECT user_id, user_name, office_id, user_icon_id FROM user ORDER BY RAND() LIMIT 1;
# Time: 2023-06-17T12:03:55.709739Z
# User@Host: mysql[mysql] @  [192.168.80.3]  Id:    10
# Query_time: 1.070875  Lock_time: 0.000002 Rows_sent: 1  Rows_examined: 300002
SET timestamp=1687003434;
SELECT user_id, user_name, office_id, user_icon_id FROM user ORDER BY RAND() LIMIT 1;
# Time: 2023-06-17T12:03:55.717938Z
# User@Host: mysql[mysql] @  [192.168.80.3]  Id:    19
# Query_time: 1.120275  Lock_time: 0.000002 Rows_sent: 1  Rows_examined: 300002
SET timestamp=1687003434;
SELECT user_id, user_name, office_id, user_icon_id FROM user ORDER BY RAND() LIMIT 1;
# Time: 2023-06-17T12:03:57.790458Z
# User@Host: mysql[mysql] @  [192.168.80.3]  Id:    19
# Query_time: 1.122468  Lock_time: 0.000001 Rows_sent: 1  Rows_examined: 300002
SET timestamp=1687003436;
SELECT user_id, user_name, office_id, user_icon_id FROM user ORDER BY RAND() LIMIT 1;
# Time: 2023-06-17T12:03:58.206183Z
# User@Host: mysql[mysql] @  [192.168.80.3]  Id:    13
# Query_time: 1.078815  Lock_time: 0.000002 Rows_sent: 1  Rows_examined: 300002
SET timestamp=1687003437;
SELECT user_id, user_name, office_id, user_icon_id FROM user ORDER BY RAND() LIMIT 1;
# Time: 2023-06-17T12:03:58.217348Z
# User@Host: mysql[mysql] @  [192.168.80.3]  Id:    17
# Query_time: 1.078760  Lock_time: 0.000003 Rows_sent: 1  Rows_examined: 300002
SET timestamp=1687003437;
SELECT user_id, user_name, office_id, user_icon_id FROM user ORDER BY RAND() LIMIT 1;
# Time: 2023-06-17T12:03:58.449051Z
# User@Host: mysql[mysql] @  [192.168.80.3]  Id:    12
# Query_time: 1.051770  Lock_time: 0.000003 Rows_sent: 1  Rows_examined: 300002
SET timestamp=1687003437;
SELECT user_id, user_name, office_id, user_icon_id FROM user ORDER BY RAND() LIMIT 1;
# Time: 2023-06-17T12:03:59.728308Z
# User@Host: mysql[mysql] @  [192.168.80.3]  Id:    14
# Query_time: 1.027709  Lock_time: 0.000002 Rows_sent: 1  Rows_examined: 300002
SET timestamp=1687003438;
SELECT user_id, user_name, office_id, user_icon_id FROM user ORDER BY RAND() LIMIT 1;
# Time: 2023-06-17T12:04:00.829328Z
# User@Host: mysql[mysql] @  [192.168.80.3]  Id:    14
# Query_time: 1.098766  Lock_time: 0.000001 Rows_sent: 1  Rows_examined: 300002
SET timestamp=1687003439;
SELECT user_id, user_name, office_id, user_icon_id FROM user ORDER BY RAND() LIMIT 1;
# Time: 2023-06-17T12:04:02.264089Z
# User@Host: mysql[mysql] @  [192.168.80.3]  Id:    12
# Query_time: 1.089594  Lock_time: 0.000002 Rows_sent: 1  Rows_examined: 300002
SET timestamp=1687003441;
SELECT user_id, user_name, office_id, user_icon_id FROM user ORDER BY RAND() LIMIT 1;
# Time: 2023-06-17T12:04:02.269013Z
# User@Host: mysql[mysql] @  [192.168.80.3]  Id:    18
# Query_time: 1.101517  Lock_time: 0.000001 Rows_sent: 1  Rows_examined: 300002
SET timestamp=1687003441;
SELECT user_id, user_name, office_id, user_icon_id FROM user ORDER BY RAND() LIMIT 1;
# Time: 2023-06-17T12:04:02.296554Z
# User@Host: mysql[mysql] @  [192.168.80.3]  Id:    16
# Query_time: 1.132062  Lock_time: 0.000001 Rows_sent: 1  Rows_examined: 300002
SET timestamp=1687003441;
SELECT user_id, user_name, office_id, user_icon_id FROM user ORDER BY RAND() LIMIT 1;
# Time: 2023-06-17T12:04:02.532051Z
# User@Host: mysql[mysql] @  [192.168.80.3]  Id:    19
# Query_time: 1.167133  Lock_time: 0.000003 Rows_sent: 1  Rows_examined: 300002
SET timestamp=1687003441;
SELECT user_id, user_name, office_id, user_icon_id FROM user ORDER BY RAND() LIMIT 1;
# Time: 2023-06-17T12:04:02.562690Z
# User@Host: mysql[mysql] @  [192.168.80.3]  Id:    15
# Query_time: 1.225447  Lock_time: 0.000001 Rows_sent: 1  Rows_examined: 300002
SET timestamp=1687003441;
SELECT user_id, user_name, office_id, user_icon_id FROM user ORDER BY RAND() LIMIT 1;
# Time: 2023-06-17T12:04:02.894252Z
# User@Host: mysql[mysql] @  [192.168.80.3]  Id:    11
# Query_time: 1.089864  Lock_time: 0.000001 Rows_sent: 1  Rows_examined: 300002
SET timestamp=1687003441;
SELECT user_id, user_name, office_id, user_icon_id FROM user ORDER BY RAND() LIMIT 1;
# Time: 2023-06-17T12:04:02.895291Z
# User@Host: mysql[mysql] @  [192.168.80.3]  Id:    14
# Query_time: 1.087118  Lock_time: 0.000002 Rows_sent: 1  Rows_examined: 300002
SET timestamp=1687003441;
SELECT user_id, user_name, office_id, user_icon_id FROM user ORDER BY RAND() LIMIT 1;
# Time: 2023-06-17T12:04:02.919687Z
# User@Host: mysql[mysql] @  [192.168.80.3]  Id:    13
# Query_time: 1.223152  Lock_time: 0.000001 Rows_sent: 1  Rows_examined: 300002
SET timestamp=1687003441;
SELECT user_id, user_name, office_id, user_icon_id FROM user ORDER BY RAND() LIMIT 1;
# Time: 2023-06-17T12:04:02.929836Z
# User@Host: mysql[mysql] @  [192.168.80.3]  Id:    17
# Query_time: 1.129541  Lock_time: 0.000001 Rows_sent: 1  Rows_examined: 300002
SET timestamp=1687003441;
SELECT user_id, user_name, office_id, user_icon_id FROM user ORDER BY RAND() LIMIT 1;
# Time: 2023-06-17T12:04:03.417608Z
# User@Host: mysql[mysql] @  [192.168.80.3]  Id:    10
# Query_time: 1.463495  Lock_time: 0.000001 Rows_sent: 1  Rows_examined: 300002
SET timestamp=1687003441;
SELECT user_id, user_name, office_id, user_icon_id FROM user ORDER BY RAND() LIMIT 1;
# Time: 2023-06-17T12:04:03.664378Z
# User@Host: mysql[mysql] @  [192.168.80.3]  Id:    18
# Query_time: 1.373594  Lock_time: 0.000002 Rows_sent: 1  Rows_examined: 300002
SET timestamp=1687003442;
SELECT user_id, user_name, office_id, user_icon_id FROM user ORDER BY RAND() LIMIT 1;
# Time: 2023-06-17T12:04:03.792210Z
# User@Host: mysql[mysql] @  [192.168.80.3]  Id:    15
# Query_time: 1.089492  Lock_time: 0.000002 Rows_sent: 1  Rows_examined: 300002
SET timestamp=1687003442;
SELECT user_id, user_name, office_id, user_icon_id FROM user ORDER BY RAND() LIMIT 1;
# Time: 2023-06-17T12:04:03.792210Z
# User@Host: mysql[mysql] @  [192.168.80.3]  Id:    19
# Query_time: 1.030771  Lock_time: 0.000001 Rows_sent: 1  Rows_examined: 300002
SET timestamp=1687003442;
SELECT user_id, user_name, office_id, user_icon_id FROM user ORDER BY RAND() LIMIT 1;
# Time: 2023-06-17T12:04:03.793089Z
# User@Host: mysql[mysql] @  [192.168.80.3]  Id:    16
# Query_time: 1.356155  Lock_time: 0.000002 Rows_sent: 1  Rows_examined: 300002
SET timestamp=1687003442;
SELECT user_id, user_name, office_id, user_icon_id FROM user ORDER BY RAND() LIMIT 1;
# Time: 2023-06-17T12:04:03.887276Z
# User@Host: mysql[mysql] @  [192.168.80.3]  Id:    12
# Query_time: 1.132712  Lock_time: 0.000002 Rows_sent: 1  Rows_examined: 300002
SET timestamp=1687003442;
SELECT user_id, user_name, office_id, user_icon_id FROM user ORDER BY RAND() LIMIT 1;
# Time: 2023-06-17T12:04:04.169081Z
# User@Host: mysql[mysql] @  [192.168.80.3]  Id:    17
# Query_time: 1.107518  Lock_time: 0.000002 Rows_sent: 1  Rows_examined: 300002
SET timestamp=1687003443;
SELECT user_id, user_name, office_id, user_icon_id FROM user ORDER BY RAND() LIMIT 1;
# Time: 2023-06-17T12:04:04.552218Z
# User@Host: mysql[mysql] @  [192.168.80.3]  Id:    10
# Query_time: 1.133038  Lock_time: 0.000004 Rows_sent: 1  Rows_examined: 300002
SET timestamp=1687003443;
SELECT user_id, user_name, office_id, user_icon_id FROM user ORDER BY RAND() LIMIT 1;
# Time: 2023-06-17T12:04:04.823439Z
# User@Host: mysql[mysql] @  [192.168.80.3]  Id:    15
# Query_time: 1.026254  Lock_time: 0.000002 Rows_sent: 1  Rows_examined: 300002
SET timestamp=1687003443;
SELECT user_id, user_name, office_id, user_icon_id FROM user ORDER BY RAND() LIMIT 1;
# Time: 2023-06-17T12:04:06.076292Z
# User@Host: mysql[mysql] @  [192.168.80.3]  Id:    15
# Query_time: 1.214949  Lock_time: 0.000001 Rows_sent: 1  Rows_examined: 300002
SET timestamp=1687003444;
SELECT user_id, user_name, office_id, user_icon_id FROM user ORDER BY RAND() LIMIT 1;
# Time: 2023-06-17T12:04:06.229663Z
# User@Host: mysql[mysql] @  [192.168.80.3]  Id:    14
# Query_time: 1.093793  Lock_time: 0.000001 Rows_sent: 1  Rows_examined: 300002
SET timestamp=1687003445;
SELECT user_id, user_name, office_id, user_icon_id FROM user ORDER BY RAND() LIMIT 1;
# Time: 2023-06-17T12:04:06.645341Z
# User@Host: mysql[mysql] @  [192.168.80.3]  Id:    18
# Query_time: 1.086419  Lock_time: 0.000002 Rows_sent: 1  Rows_examined: 300002
SET timestamp=1687003445;
SELECT user_id, user_name, office_id, user_icon_id FROM user ORDER BY RAND() LIMIT 1;
# Time: 2023-06-17T12:04:06.663027Z
# User@Host: mysql[mysql] @  [192.168.80.3]  Id:    10
# Query_time: 1.075422  Lock_time: 0.000003 Rows_sent: 1  Rows_examined: 300002
SET timestamp=1687003445;
SELECT user_id, user_name, office_id, user_icon_id FROM user ORDER BY RAND() LIMIT 1;
# Time: 2023-06-17T12:04:06.970619Z
# User@Host: mysql[mysql] @  [192.168.80.3]  Id:    17
# Query_time: 1.049256  Lock_time: 0.000002 Rows_sent: 1  Rows_examined: 300002
SET timestamp=1687003445;
SELECT user_id, user_name, office_id, user_icon_id FROM user ORDER BY RAND() LIMIT 1;
# Time: 2023-06-17T12:04:07.197977Z
# User@Host: mysql[mysql] @  [192.168.80.3]  Id:    13
# Query_time: 1.110628  Lock_time: 0.000001 Rows_sent: 1  Rows_examined: 300002
SET timestamp=1687003446;
SELECT user_id, user_name, office_id, user_icon_id FROM user ORDER BY RAND() LIMIT 1;
# Time: 2023-06-17T12:04:07.198249Z
# User@Host: mysql[mysql] @  [192.168.80.3]  Id:    15
# Query_time: 1.115584  Lock_time: 0.000008 Rows_sent: 1  Rows_examined: 300002
SET timestamp=1687003446;
SELECT user_id, user_name, office_id, user_icon_id FROM user ORDER BY RAND() LIMIT 1;
# Time: 2023-06-17T12:04:07.557410Z
# User@Host: mysql[mysql] @  [192.168.80.3]  Id:    16
# Query_time: 1.198713  Lock_time: 0.000003 Rows_sent: 1  Rows_examined: 300002
SET timestamp=1687003446;
SELECT user_id, user_name, office_id, user_icon_id FROM user ORDER BY RAND() LIMIT 1;
# Time: 2023-06-17T12:04:07.580726Z
# User@Host: mysql[mysql] @  [192.168.80.3]  Id:    14
# Query_time: 1.318187  Lock_time: 0.000001 Rows_sent: 1  Rows_examined: 300002
SET timestamp=1687003446;
SELECT user_id, user_name, office_id, user_icon_id FROM user ORDER BY RAND() LIMIT 1;
# Time: 2023-06-17T12:04:07.923389Z
# User@Host: mysql[mysql] @  [192.168.80.3]  Id:    18
# Query_time: 1.154585  Lock_time: 0.000001 Rows_sent: 1  Rows_examined: 300002
SET timestamp=1687003446;
SELECT user_id, user_name, office_id, user_icon_id FROM user ORDER BY RAND() LIMIT 1;
# Time: 2023-06-17T12:04:07.925729Z
# User@Host: mysql[mysql] @  [192.168.80.3]  Id:    10
# Query_time: 1.246045  Lock_time: 0.000003 Rows_sent: 1  Rows_examined: 300002
SET timestamp=1687003446;
SELECT user_id, user_name, office_id, user_icon_id FROM user ORDER BY RAND() LIMIT 1;
# Time: 2023-06-17T12:04:08.295674Z
# User@Host: mysql[mysql] @  [192.168.80.3]  Id:    19
# Query_time: 1.084730  Lock_time: 0.000002 Rows_sent: 1  Rows_examined: 300002
SET timestamp=1687003447;
SELECT user_id, user_name, office_id, user_icon_id FROM user ORDER BY RAND() LIMIT 1;
# Time: 2023-06-17T12:04:08.718681Z
# User@Host: mysql[mysql] @  [192.168.80.3]  Id:    16
# Query_time: 1.154370  Lock_time: 0.000002 Rows_sent: 1  Rows_examined: 300002
SET timestamp=1687003447;
SELECT user_id, user_name, office_id, user_icon_id FROM user ORDER BY RAND() LIMIT 1;
# Time: 2023-06-17T12:04:08.751655Z
# User@Host: mysql[mysql] @  [192.168.80.3]  Id:    14
# Query_time: 1.079498  Lock_time: 0.000001 Rows_sent: 1  Rows_examined: 300002
SET timestamp=1687003447;
SELECT user_id, user_name, office_id, user_icon_id FROM user ORDER BY RAND() LIMIT 1;
# Time: 2023-06-17T12:04:08.976755Z
# User@Host: mysql[mysql] @  [192.168.80.3]  Id:    18
# Query_time: 1.036135  Lock_time: 0.000001 Rows_sent: 1  Rows_examined: 300002
SET timestamp=1687003447;
SELECT user_id, user_name, office_id, user_icon_id FROM user ORDER BY RAND() LIMIT 1;
# Time: 2023-06-17T12:04:09.083038Z
# User@Host: mysql[mysql] @  [192.168.80.3]  Id:    12
# Query_time: 1.042989  Lock_time: 0.000001 Rows_sent: 1  Rows_examined: 300002
SET timestamp=1687003448;
SELECT user_id, user_name, office_id, user_icon_id FROM user ORDER BY RAND() LIMIT 1;
# Time: 2023-06-17T12:04:09.282389Z
# User@Host: mysql[mysql] @  [192.168.80.3]  Id:    17
# Query_time: 1.109037  Lock_time: 0.000001 Rows_sent: 1  Rows_examined: 300002
SET timestamp=1687003448;
SELECT user_id, user_name, office_id, user_icon_id FROM user ORDER BY RAND() LIMIT 1;
# Time: 2023-06-17T12:04:09.756189Z
# User@Host: mysql[mysql] @  [192.168.80.3]  Id:    19
# Query_time: 1.268613  Lock_time: 0.000002 Rows_sent: 1  Rows_examined: 300002
SET timestamp=1687003448;
SELECT user_id, user_name, office_id, user_icon_id FROM user ORDER BY RAND() LIMIT 1;
# Time: 2023-06-17T12:04:09.846088Z
# User@Host: mysql[mysql] @  [192.168.80.3]  Id:    16
# Query_time: 1.125258  Lock_time: 0.000004 Rows_sent: 1  Rows_examined: 300002
SET timestamp=1687003448;
SELECT user_id, user_name, office_id, user_icon_id FROM user ORDER BY RAND() LIMIT 1;
# Time: 2023-06-17T12:04:09.852212Z
# User@Host: mysql[mysql] @  [192.168.80.3]  Id:    14
# Query_time: 1.094852  Lock_time: 0.000002 Rows_sent: 1  Rows_examined: 300002
SET timestamp=1687003448;
SELECT user_id, user_name, office_id, user_icon_id FROM user ORDER BY RAND() LIMIT 1;
# Time: 2023-06-17T12:04:10.216615Z
# User@Host: mysql[mysql] @  [192.168.80.3]  Id:    12
# Query_time: 1.106427  Lock_time: 0.000003 Rows_sent: 1  Rows_examined: 300002
SET timestamp=1687003449;
SELECT user_id, user_name, office_id, user_icon_id FROM user ORDER BY RAND() LIMIT 1;
# Time: 2023-06-17T12:04:10.608739Z
# User@Host: mysql[mysql] @  [192.168.80.3]  Id:    17
# Query_time: 1.305109  Lock_time: 0.000004 Rows_sent: 1  Rows_examined: 300002
SET timestamp=1687003449;
SELECT user_id, user_name, office_id, user_icon_id FROM user ORDER BY RAND() LIMIT 1;
# Time: 2023-06-17T12:04:10.965213Z
# User@Host: mysql[mysql] @  [192.168.80.3]  Id:    11
# Query_time: 1.041582  Lock_time: 0.000003 Rows_sent: 1  Rows_examined: 300002
SET timestamp=1687003449;
SELECT user_id, user_name, office_id, user_icon_id FROM user ORDER BY RAND() LIMIT 1;
# Time: 2023-06-17T12:04:11.501272Z
# User@Host: mysql[mysql] @  [192.168.80.3]  Id:    12
# Query_time: 1.263185  Lock_time: 0.000001 Rows_sent: 1  Rows_examined: 300002
SET timestamp=1687003450;
SELECT user_id, user_name, office_id, user_icon_id FROM user ORDER BY RAND() LIMIT 1;
# Time: 2023-06-17T12:04:11.613015Z
# User@Host: mysql[mysql] @  [192.168.80.3]  Id:    18
# Query_time: 1.002728  Lock_time: 0.000003 Rows_sent: 1  Rows_examined: 300002
SET timestamp=1687003450;
SELECT user_id, user_name, office_id, user_icon_id FROM user ORDER BY RAND() LIMIT 1;
# Time: 2023-06-17T12:04:11.820229Z
# User@Host: mysql[mysql] @  [192.168.80.3]  Id:    19
# Query_time: 1.060607  Lock_time: 0.000001 Rows_sent: 1  Rows_examined: 300002
SET timestamp=1687003450;
SELECT user_id, user_name, office_id, user_icon_id FROM user ORDER BY RAND() LIMIT 1;
# Time: 2023-06-17T12:04:12.244345Z
# User@Host: mysql[mysql] @  [192.168.80.3]  Id:    11
# Query_time: 1.253159  Lock_time: 0.000005 Rows_sent: 1  Rows_examined: 300002
SET timestamp=1687003450;
SELECT user_id, user_name, office_id, user_icon_id FROM user ORDER BY RAND() LIMIT 1;
# Time: 2023-06-17T12:04:12.943681Z
# User@Host: mysql[mysql] @  [192.168.80.3]  Id:    18
# Query_time: 1.229727  Lock_time: 0.000001 Rows_sent: 1  Rows_examined: 300002
SET timestamp=1687003451;
SELECT user_id, user_name, office_id, user_icon_id FROM user ORDER BY RAND() LIMIT 1;
# Time: 2023-06-17T12:04:12.947535Z
# User@Host: mysql[mysql] @  [192.168.80.3]  Id:    19
# Query_time: 1.114661  Lock_time: 0.000002 Rows_sent: 1  Rows_examined: 300002
SET timestamp=1687003451;
SELECT user_id, user_name, office_id, user_icon_id FROM user ORDER BY RAND() LIMIT 1;
# Time: 2023-06-17T12:04:13.254962Z
# User@Host: mysql[mysql] @  [192.168.80.3]  Id:    16
# Query_time: 1.019733  Lock_time: 0.000002 Rows_sent: 1  Rows_examined: 300002
SET timestamp=1687003452;
SELECT user_id, user_name, office_id, user_icon_id FROM user ORDER BY RAND() LIMIT 1;
# Time: 2023-06-17T12:04:13.255570Z
# User@Host: mysql[mysql] @  [192.168.80.3]  Id:    11
# Query_time: 1.010102  Lock_time: 0.000004 Rows_sent: 1  Rows_examined: 300002
SET timestamp=1687003452;
SELECT user_id, user_name, office_id, user_icon_id FROM user ORDER BY RAND() LIMIT 1;
# Time: 2023-06-17T12:04:13.468274Z
# User@Host: mysql[mysql] @  [192.168.80.3]  Id:    14
# Query_time: 1.044882  Lock_time: 0.000002 Rows_sent: 1  Rows_examined: 300002
SET timestamp=1687003452;
SELECT user_id, user_name, office_id, user_icon_id FROM user ORDER BY RAND() LIMIT 1;
# Time: 2023-06-17T12:04:13.471106Z
# User@Host: mysql[mysql] @  [192.168.80.3]  Id:    15
# Query_time: 1.048091  Lock_time: 0.000001 Rows_sent: 1  Rows_examined: 300002
SET timestamp=1687003452;
SELECT user_id, user_name, office_id, user_icon_id FROM user ORDER BY RAND() LIMIT 1;
# Time: 2023-06-17T12:04:13.965731Z
# User@Host: mysql[mysql] @  [192.168.80.3]  Id:    18
# Query_time: 1.020334  Lock_time: 0.000079 Rows_sent: 1  Rows_examined: 300002
SET timestamp=1687003452;
SELECT user_id, user_name, office_id, user_icon_id FROM user ORDER BY RAND() LIMIT 1;
# Time: 2023-06-17T12:04:14.387128Z
# User@Host: mysql[mysql] @  [192.168.80.3]  Id:    12
# Query_time: 1.110506  Lock_time: 0.000002 Rows_sent: 1  Rows_examined: 300002
SET timestamp=1687003453;
SELECT user_id, user_name, office_id, user_icon_id FROM user ORDER BY RAND() LIMIT 1;
# Time: 2023-06-17T12:04:14.422379Z
# User@Host: mysql[mysql] @  [192.168.80.3]  Id:    13
# Query_time: 1.005193  Lock_time: 0.000003 Rows_sent: 1  Rows_examined: 300002
SET timestamp=1687003453;
SELECT user_id, user_name, office_id, user_icon_id FROM user ORDER BY RAND() LIMIT 1;
# Time: 2023-06-17T12:04:16.301494Z
# User@Host: mysql[mysql] @  [192.168.80.3]  Id:    11
# Query_time: 1.163717  Lock_time: 0.000001 Rows_sent: 1  Rows_examined: 300002
SET timestamp=1687003455;
SELECT user_id, user_name, office_id, user_icon_id FROM user ORDER BY RAND() LIMIT 1;
# Time: 2023-06-17T12:04:16.341358Z
# User@Host: mysql[mysql] @  [192.168.80.3]  Id:    17
# Query_time: 1.365084  Lock_time: 0.000001 Rows_sent: 1  Rows_examined: 300002
SET timestamp=1687003454;
SELECT user_id, user_name, office_id, user_icon_id FROM user ORDER BY RAND() LIMIT 1;
# Time: 2023-06-17T12:04:16.415432Z
# User@Host: mysql[mysql] @  [192.168.80.3]  Id:    19
# Query_time: 1.428078  Lock_time: 0.000000 Rows_sent: 1  Rows_examined: 300002
SET timestamp=1687003454;
SELECT user_id, user_name, office_id, user_icon_id FROM user ORDER BY RAND() LIMIT 1;
# Time: 2023-06-17T12:04:16.451773Z
# User@Host: mysql[mysql] @  [192.168.80.3]  Id:    18
# Query_time: 1.470159  Lock_time: 0.000002 Rows_sent: 1  Rows_examined: 300002
SET timestamp=1687003454;
SELECT user_id, user_name, office_id, user_icon_id FROM user ORDER BY RAND() LIMIT 1;
# Time: 2023-06-17T12:04:16.796464Z
# User@Host: mysql[mysql] @  [192.168.80.3]  Id:    15
# Query_time: 1.387002  Lock_time: 0.000003 Rows_sent: 1  Rows_examined: 300002
SET timestamp=1687003455;
SELECT user_id, user_name, office_id, user_icon_id FROM user ORDER BY RAND() LIMIT 1;
# Time: 2023-06-17T12:04:16.797999Z
# User@Host: mysql[mysql] @  [192.168.80.3]  Id:    13
# Query_time: 1.382095  Lock_time: 0.000001 Rows_sent: 1  Rows_examined: 300002
SET timestamp=1687003455;
SELECT user_id, user_name, office_id, user_icon_id FROM user ORDER BY RAND() LIMIT 1;
# Time: 2023-06-17T12:04:16.800239Z
# User@Host: mysql[mysql] @  [192.168.80.3]  Id:    10
# Query_time: 1.629212  Lock_time: 0.000001 Rows_sent: 1  Rows_examined: 300002
SET timestamp=1687003455;
SELECT user_id, user_name, office_id, user_icon_id FROM user ORDER BY RAND() LIMIT 1;
# Time: 2023-06-17T12:04:16.814853Z
# User@Host: mysql[mysql] @  [192.168.80.3]  Id:    14
# Query_time: 1.395528  Lock_time: 0.000001 Rows_sent: 1  Rows_examined: 300002
SET timestamp=1687003455;
SELECT user_id, user_name, office_id, user_icon_id FROM user ORDER BY RAND() LIMIT 1;
# Time: 2023-06-17T12:04:17.215309Z
# User@Host: mysql[mysql] @  [192.168.80.3]  Id:    12
# Query_time: 1.776693  Lock_time: 0.000002 Rows_sent: 1  Rows_examined: 300002
SET timestamp=1687003455;
SELECT user_id, user_name, office_id, user_icon_id FROM user ORDER BY RAND() LIMIT 1;
# Time: 2023-06-17T12:04:17.414118Z
# User@Host: mysql[mysql] @  [192.168.80.3]  Id:    16
# Query_time: 1.795797  Lock_time: 0.000002 Rows_sent: 1  Rows_examined: 300002
SET timestamp=1687003455;
SELECT user_id, user_name, office_id, user_icon_id FROM user ORDER BY RAND() LIMIT 1;
# Time: 2023-06-17T12:04:17.830292Z
# User@Host: mysql[mysql] @  [192.168.80.3]  Id:    10
# Query_time: 1.013138  Lock_time: 0.000003 Rows_sent: 1  Rows_examined: 300002
SET timestamp=1687003456;
SELECT user_id, user_name, office_id, user_icon_id FROM user ORDER BY RAND() LIMIT 1;
# Time: 2023-06-17T12:04:17.831122Z
# User@Host: mysql[mysql] @  [192.168.80.3]  Id:    18
# Query_time: 1.227028  Lock_time: 0.000002 Rows_sent: 1  Rows_examined: 300002
SET timestamp=1687003456;
SELECT user_id, user_name, office_id, user_icon_id FROM user ORDER BY RAND() LIMIT 1;
# Time: 2023-06-17T12:04:18.078683Z
# User@Host: mysql[mysql] @  [192.168.80.3]  Id:    13
# Query_time: 1.144979  Lock_time: 0.000002 Rows_sent: 1  Rows_examined: 300002
SET timestamp=1687003456;
SELECT user_id, user_name, office_id, user_icon_id FROM user ORDER BY RAND() LIMIT 1;
# Time: 2023-06-17T12:04:18.519836Z
# User@Host: mysql[mysql] @  [192.168.80.3]  Id:    16
# Query_time: 1.007360  Lock_time: 0.000002 Rows_sent: 1  Rows_examined: 300002
SET timestamp=1687003457;
SELECT user_id, user_name, office_id, user_icon_id FROM user ORDER BY RAND() LIMIT 1;
# Time: 2023-06-17T12:04:18.527688Z
# User@Host: mysql[mysql] @  [192.168.80.3]  Id:    11
# Query_time: 1.019004  Lock_time: 0.000002 Rows_sent: 1  Rows_examined: 300002
SET timestamp=1687003457;
SELECT user_id, user_name, office_id, user_icon_id FROM user ORDER BY RAND() LIMIT 1;
# Time: 2023-06-17T12:04:18.850735Z
# User@Host: mysql[mysql] @  [192.168.80.3]  Id:    18
# Query_time: 1.001414  Lock_time: 0.000002 Rows_sent: 1  Rows_examined: 300002
SET timestamp=1687003457;
SELECT user_id, user_name, office_id, user_icon_id FROM user ORDER BY RAND() LIMIT 1;
# Time: 2023-06-17T12:04:18.862499Z
# User@Host: mysql[mysql] @  [192.168.80.3]  Id:    15
# Query_time: 1.035501  Lock_time: 0.000000 Rows_sent: 1  Rows_examined: 300002
SET timestamp=1687003457;
SELECT user_id, user_name, office_id, user_icon_id FROM user ORDER BY RAND() LIMIT 1;
# Time: 2023-06-17T12:04:19.299115Z
# User@Host: mysql[mysql] @  [192.168.80.3]  Id:    13
# Query_time: 1.206415  Lock_time: 0.000000 Rows_sent: 1  Rows_examined: 300002
SET timestamp=1687003458;
SELECT user_id, user_name, office_id, user_icon_id FROM user ORDER BY RAND() LIMIT 1;
# Time: 2023-06-17T12:04:20.514649Z
# User@Host: mysql[mysql] @  [192.168.80.3]  Id:    16
# Query_time: 1.068194  Lock_time: 0.000001 Rows_sent: 1  Rows_examined: 300002
SET timestamp=1687003459;
SELECT user_id, user_name, office_id, user_icon_id FROM user ORDER BY RAND() LIMIT 1;
# Time: 2023-06-17T12:04:20.752328Z
# User@Host: mysql[mysql] @  [192.168.80.3]  Id:    15
# Query_time: 1.003779  Lock_time: 0.000001 Rows_sent: 1  Rows_examined: 300002
SET timestamp=1687003459;
SELECT user_id, user_name, office_id, user_icon_id FROM user ORDER BY RAND() LIMIT 1;
# Time: 2023-06-17T12:04:20.753654Z
# User@Host: mysql[mysql] @  [192.168.80.3]  Id:    14
# Query_time: 1.016776  Lock_time: 0.000002 Rows_sent: 1  Rows_examined: 300002
SET timestamp=1687003459;
SELECT user_id, user_name, office_id, user_icon_id FROM user ORDER BY RAND() LIMIT 1;
# Time: 2023-06-17T12:04:22.932628Z
# User@Host: mysql[mysql] @  [192.168.80.3]  Id:    15
# Query_time: 1.117908  Lock_time: 0.000001 Rows_sent: 1  Rows_examined: 300002
SET timestamp=1687003461;
SELECT user_id, user_name, office_id, user_icon_id FROM user ORDER BY RAND() LIMIT 1;
# Time: 2023-06-17T12:04:22.932795Z
# User@Host: mysql[mysql] @  [192.168.80.3]  Id:    18
# Query_time: 1.176287  Lock_time: 0.000001 Rows_sent: 1  Rows_examined: 300002
SET timestamp=1687003461;
SELECT user_id, user_name, office_id, user_icon_id FROM user ORDER BY RAND() LIMIT 1;
# Time: 2023-06-17T12:04:23.047322Z
# User@Host: mysql[mysql] @  [192.168.80.3]  Id:    12
# Query_time: 1.012701  Lock_time: 0.000001 Rows_sent: 1  Rows_examined: 300002
SET timestamp=1687003462;
SELECT user_id, user_name, office_id, user_icon_id FROM user ORDER BY RAND() LIMIT 1;
# Time: 2023-06-17T12:04:23.638678Z
# User@Host: mysql[mysql] @  [192.168.80.3]  Id:    14
# Query_time: 1.085945  Lock_time: 0.000001 Rows_sent: 1  Rows_examined: 300002
SET timestamp=1687003462;
SELECT user_id, user_name, office_id, user_icon_id FROM user ORDER BY RAND() LIMIT 1;
# Time: 2023-06-17T12:04:23.661279Z
# User@Host: mysql[mysql] @  [192.168.80.3]  Id:    16
# Query_time: 1.046481  Lock_time: 0.000001 Rows_sent: 1  Rows_examined: 300002
SET timestamp=1687003462;
SELECT user_id, user_name, office_id, user_icon_id FROM user ORDER BY RAND() LIMIT 1;
# Time: 2023-06-17T12:04:23.684000Z
# User@Host: mysql[mysql] @  [192.168.80.3]  Id:    10
# Query_time: 1.025600  Lock_time: 0.000002 Rows_sent: 1  Rows_examined: 300002
SET timestamp=1687003462;
SELECT user_id, user_name, office_id, user_icon_id FROM user ORDER BY RAND() LIMIT 1;
# Time: 2023-06-17T12:04:24.077979Z
# User@Host: mysql[mysql] @  [192.168.80.3]  Id:    19
# Query_time: 1.018962  Lock_time: 0.000007 Rows_sent: 1  Rows_examined: 300002
SET timestamp=1687003463;
SELECT user_id, user_name, office_id, user_icon_id FROM user ORDER BY RAND() LIMIT 1;
# Time: 2023-06-17T12:04:27.832132Z
# User@Host: mysql[mysql] @  [192.168.80.3]  Id:    17
# Query_time: 1.010736  Lock_time: 0.000002 Rows_sent: 1  Rows_examined: 300002
SET timestamp=1687003466;
SELECT user_id, user_name, office_id, user_icon_id FROM user ORDER BY RAND() LIMIT 1;
# Time: 2023-06-17T12:04:27.839340Z
# User@Host: mysql[mysql] @  [192.168.80.3]  Id:    19
# Query_time: 1.005761  Lock_time: 0.000001 Rows_sent: 1  Rows_examined: 300002
SET timestamp=1687003466;
SELECT user_id, user_name, office_id, user_icon_id FROM user ORDER BY RAND() LIMIT 1;
# Time: 2023-06-17T12:04:28.432662Z
# User@Host: mysql[mysql] @  [192.168.80.3]  Id:    13
# Query_time: 1.024649  Lock_time: 0.000002 Rows_sent: 1  Rows_examined: 300002
SET timestamp=1687003467;
SELECT user_id, user_name, office_id, user_icon_id FROM user ORDER BY RAND() LIMIT 1;
# Time: 2023-06-17T12:04:28.433578Z
# User@Host: mysql[mysql] @  [192.168.80.3]  Id:    15
# Query_time: 1.035398  Lock_time: 0.000002 Rows_sent: 1  Rows_examined: 300002
SET timestamp=1687003467;
SELECT user_id, user_name, office_id, user_icon_id FROM user ORDER BY RAND() LIMIT 1;
# Time: 2023-06-17T12:04:28.911902Z
# User@Host: mysql[mysql] @  [192.168.80.3]  Id:    17
# Query_time: 1.011145  Lock_time: 0.000001 Rows_sent: 1  Rows_examined: 300002
SET timestamp=1687003467;
SELECT user_id, user_name, office_id, user_icon_id FROM user ORDER BY RAND() LIMIT 1;
# Time: 2023-06-17T12:04:29.139771Z
# User@Host: mysql[mysql] @  [192.168.80.3]  Id:    19
# Query_time: 1.290914  Lock_time: 0.000001 Rows_sent: 1  Rows_examined: 300002
SET timestamp=1687003467;
SELECT user_id, user_name, office_id, user_icon_id FROM user ORDER BY RAND() LIMIT 1;
# Time: 2023-06-17T12:04:29.151187Z
# User@Host: mysql[mysql] @  [192.168.80.3]  Id:    12
# Query_time: 1.106160  Lock_time: 0.000003 Rows_sent: 1  Rows_examined: 300002
SET timestamp=1687003468;
SELECT user_id, user_name, office_id, user_icon_id FROM user ORDER BY RAND() LIMIT 1;
# Time: 2023-06-17T12:04:29.151379Z
# User@Host: mysql[mysql] @  [192.168.80.3]  Id:    10
# Query_time: 1.007061  Lock_time: 0.000001 Rows_sent: 1  Rows_examined: 300002
SET timestamp=1687003468;
SELECT user_id, user_name, office_id, user_icon_id FROM user ORDER BY RAND() LIMIT 1;
# Time: 2023-06-17T12:04:29.358873Z
# User@Host: mysql[mysql] @  [192.168.80.3]  Id:    14
# Query_time: 1.200582  Lock_time: 0.000004 Rows_sent: 1  Rows_examined: 300002
SET timestamp=1687003468;
SELECT user_id, user_name, office_id, user_icon_id FROM user ORDER BY RAND() LIMIT 1;
# Time: 2023-06-17T12:04:29.698905Z
# User@Host: mysql[mysql] @  [192.168.80.3]  Id:    13
# Query_time: 1.211669  Lock_time: 0.000001 Rows_sent: 1  Rows_examined: 300002
SET timestamp=1687003468;
SELECT user_id, user_name, office_id, user_icon_id FROM user ORDER BY RAND() LIMIT 1;
# Time: 2023-06-17T12:04:29.736871Z
# User@Host: mysql[mysql] @  [192.168.80.3]  Id:    15
# Query_time: 1.290955  Lock_time: 0.000001 Rows_sent: 1  Rows_examined: 300002
SET timestamp=1687003468;
SELECT user_id, user_name, office_id, user_icon_id FROM user ORDER BY RAND() LIMIT 1;
# Time: 2023-06-17T12:04:30.095028Z
# User@Host: mysql[mysql] @  [192.168.80.3]  Id:    11
# Query_time: 1.063195  Lock_time: 0.000003 Rows_sent: 1  Rows_examined: 300002
SET timestamp=1687003469;
SELECT user_id, user_name, office_id, user_icon_id FROM user ORDER BY RAND() LIMIT 1;
# Time: 2023-06-17T12:04:30.269481Z
# User@Host: mysql[mysql] @  [192.168.80.3]  Id:    10
# Query_time: 1.027801  Lock_time: 0.000001 Rows_sent: 1  Rows_examined: 300002
SET timestamp=1687003469;
SELECT user_id, user_name, office_id, user_icon_id FROM user ORDER BY RAND() LIMIT 1;
# Time: 2023-06-17T12:04:30.269497Z
# User@Host: mysql[mysql] @  [192.168.80.3]  Id:    18
# Query_time: 1.046301  Lock_time: 0.000001 Rows_sent: 1  Rows_examined: 300002
SET timestamp=1687003469;
SELECT user_id, user_name, office_id, user_icon_id FROM user ORDER BY RAND() LIMIT 1;
# Time: 2023-06-17T12:04:31.221611Z
# User@Host: mysql[mysql] @  [192.168.80.3]  Id:    15
# Query_time: 1.467079  Lock_time: 0.000002 Rows_sent: 1  Rows_examined: 300002
SET timestamp=1687003469;
SELECT user_id, user_name, office_id, user_icon_id FROM user ORDER BY RAND() LIMIT 1;
# Time: 2023-06-17T12:04:31.226105Z
# User@Host: mysql[mysql] @  [192.168.80.3]  Id:    13
# Query_time: 1.525688  Lock_time: 0.000008 Rows_sent: 1  Rows_examined: 300002
SET timestamp=1687003469;
SELECT user_id, user_name, office_id, user_icon_id FROM user ORDER BY RAND() LIMIT 1;
# Time: 2023-06-17T12:04:31.453986Z
# User@Host: mysql[mysql] @  [192.168.80.3]  Id:    17
# Query_time: 1.182078  Lock_time: 0.000002 Rows_sent: 1  Rows_examined: 300002
SET timestamp=1687003470;
SELECT user_id, user_name, office_id, user_icon_id FROM user ORDER BY RAND() LIMIT 1;
# Time: 2023-06-17T12:04:31.459424Z
# User@Host: mysql[mysql] @  [192.168.80.3]  Id:    18
# Query_time: 1.074871  Lock_time: 0.000002 Rows_sent: 1  Rows_examined: 300002
SET timestamp=1687003470;
SELECT user_id, user_name, office_id, user_icon_id FROM user ORDER BY RAND() LIMIT 1;
# Time: 2023-06-17T12:04:31.534323Z
# User@Host: mysql[mysql] @  [192.168.80.3]  Id:    19
# Query_time: 1.235577  Lock_time: 0.000002 Rows_sent: 1  Rows_examined: 300002
SET timestamp=1687003470;
SELECT user_id, user_name, office_id, user_icon_id FROM user ORDER BY RAND() LIMIT 1;
# Time: 2023-06-17T12:04:31.545219Z
# User@Host: mysql[mysql] @  [192.168.80.3]  Id:    12
# Query_time: 1.299484  Lock_time: 0.000002 Rows_sent: 1  Rows_examined: 300002
SET timestamp=1687003470;
SELECT user_id, user_name, office_id, user_icon_id FROM user ORDER BY RAND() LIMIT 1;
# Time: 2023-06-17T12:04:31.571297Z
# User@Host: mysql[mysql] @  [192.168.80.3]  Id:    11
# Query_time: 1.403509  Lock_time: 0.000002 Rows_sent: 1  Rows_examined: 300002
SET timestamp=1687003470;
SELECT user_id, user_name, office_id, user_icon_id FROM user ORDER BY RAND() LIMIT 1;
# Time: 2023-06-17T12:04:31.577274Z
# User@Host: mysql[mysql] @  [192.168.80.3]  Id:    14
# Query_time: 1.330972  Lock_time: 0.000002 Rows_sent: 1  Rows_examined: 300002
SET timestamp=1687003470;
SELECT user_id, user_name, office_id, user_icon_id FROM user ORDER BY RAND() LIMIT 1;
# Time: 2023-06-17T12:04:36.545392Z
# User@Host: mysql[mysql] @  [192.168.80.3]  Id:    11
# Query_time: 1.024130  Lock_time: 0.000003 Rows_sent: 0  Rows_examined: 300001
SET timestamp=1687003475;
SELECT user_id FROM user WHERE goal LIKE '%%';
# Time: 2023-06-17T12:04:36.754583Z
# User@Host: mysql[mysql] @  [192.168.80.3]  Id:    10
# Query_time: 1.022900  Lock_time: 0.000001 Rows_sent: 0  Rows_examined: 300001
SET timestamp=1687003475;
SELECT user_id FROM user WHERE goal LIKE '%%';
# Time: 2023-06-17T12:04:36.761761Z
# User@Host: mysql[mysql] @  [192.168.80.3]  Id:    19
# Query_time: 1.024692  Lock_time: 0.000001 Rows_sent: 0  Rows_examined: 300001
SET timestamp=1687003475;
SELECT user_id FROM user WHERE goal LIKE '%%';
# Time: 2023-06-17T12:04:37.643926Z
# User@Host: mysql[mysql] @  [192.168.80.3]  Id:    13
# Query_time: 1.378205  Lock_time: 0.000002 Rows_sent: 0  Rows_examined: 300001
SET timestamp=1687003476;
SELECT user_id FROM user WHERE goal LIKE '%%';
# Time: 2023-06-17T12:04:37.652459Z
# User@Host: mysql[mysql] @  [192.168.80.3]  Id:    14
# Query_time: 1.385360  Lock_time: 0.000003 Rows_sent: 0  Rows_examined: 300001
SET timestamp=1687003476;
SELECT user_id FROM user WHERE goal LIKE '%%';
# Time: 2023-06-17T12:04:37.660521Z
# User@Host: mysql[mysql] @  [192.168.80.3]  Id:    16
# Query_time: 1.398385  Lock_time: 0.000002 Rows_sent: 0  Rows_examined: 300001
SET timestamp=1687003476;
SELECT user_id FROM user WHERE goal LIKE '%%';
# Time: 2023-06-17T12:04:37.784702Z
# User@Host: mysql[mysql] @  [192.168.80.3]  Id:    12
# Query_time: 1.520352  Lock_time: 0.000002 Rows_sent: 0  Rows_examined: 300001
SET timestamp=1687003476;
SELECT user_id FROM user WHERE goal LIKE '%%';
# Time: 2023-06-17T12:04:37.797284Z
# User@Host: mysql[mysql] @  [192.168.80.3]  Id:    17
# Query_time: 1.537763  Lock_time: 0.000004 Rows_sent: 0  Rows_examined: 300001
SET timestamp=1687003476;
SELECT user_id FROM user WHERE goal LIKE '%%';
# Time: 2023-06-17T12:04:37.814195Z
# User@Host: mysql[mysql] @  [192.168.80.3]  Id:    18
# Query_time: 1.526281  Lock_time: 0.000002 Rows_sent: 0  Rows_examined: 300001
SET timestamp=1687003476;
SELECT user_id FROM user WHERE goal LIKE '%%';
# Time: 2023-06-17T12:04:38.379998Z
# User@Host: mysql[mysql] @  [192.168.80.3]  Id:    19
# Query_time: 1.595039  Lock_time: 0.000002 Rows_sent: 0  Rows_examined: 300001
SET timestamp=1687003476;
SELECT user_id FROM user WHERE goal LIKE '%%';
# Time: 2023-06-17T12:04:38.386220Z
# User@Host: mysql[mysql] @  [192.168.80.3]  Id:    11
# Query_time: 1.810937  Lock_time: 0.000001 Rows_sent: 0  Rows_examined: 300001
SET timestamp=1687003476;
SELECT user_id FROM user WHERE goal LIKE '%%';
# Time: 2023-06-17T12:04:38.380017Z
# User@Host: mysql[mysql] @  [192.168.80.3]  Id:    15
# Query_time: 1.869757  Lock_time: 0.000002 Rows_sent: 0  Rows_examined: 300001
SET timestamp=1687003476;
SELECT user_id FROM user WHERE goal LIKE '%%';
# Time: 2023-06-17T12:04:38.425571Z
# User@Host: mysql[mysql] @  [192.168.80.3]  Id:    10
# Query_time: 1.667511  Lock_time: 0.000004 Rows_sent: 0  Rows_examined: 300001
SET timestamp=1687003476;
SELECT user_id FROM user WHERE goal LIKE '%%';
# Time: 2023-06-17T12:04:39.132683Z
# User@Host: mysql[mysql] @  [192.168.80.3]  Id:    13
# Query_time: 1.433381  Lock_time: 0.000009 Rows_sent: 0  Rows_examined: 300001
SET timestamp=1687003477;
SELECT user_id FROM user WHERE goal LIKE '%%';
# Time: 2023-06-17T12:04:39.140269Z
# User@Host: mysql[mysql] @  [192.168.80.3]  Id:    12
# Query_time: 1.342906  Lock_time: 0.000004 Rows_sent: 0  Rows_examined: 300001
SET timestamp=1687003477;
SELECT user_id FROM user WHERE goal LIKE '%%';
# Time: 2023-06-17T12:04:39.141469Z
# User@Host: mysql[mysql] @  [192.168.80.3]  Id:    17
# Query_time: 1.339227  Lock_time: 0.000002 Rows_sent: 0  Rows_examined: 300001
SET timestamp=1687003477;
SELECT user_id FROM user WHERE goal LIKE '%%';
# Time: 2023-06-17T12:04:39.144326Z
# User@Host: mysql[mysql] @  [192.168.80.3]  Id:    18
# Query_time: 1.305527  Lock_time: 0.000004 Rows_sent: 0  Rows_examined: 300001
SET timestamp=1687003477;
SELECT user_id FROM user WHERE goal LIKE '%%';
# Time: 2023-06-17T12:04:39.146195Z
# User@Host: mysql[mysql] @  [192.168.80.3]  Id:    14
# Query_time: 1.456261  Lock_time: 0.000004 Rows_sent: 0  Rows_examined: 300001
SET timestamp=1687003477;
SELECT user_id FROM user WHERE goal LIKE '%%';
# Time: 2023-06-17T12:04:39.148292Z
# User@Host: mysql[mysql] @  [192.168.80.3]  Id:    16
# Query_time: 1.438725  Lock_time: 0.000003 Rows_sent: 0  Rows_examined: 300001
SET timestamp=1687003477;
SELECT user_id FROM user WHERE goal LIKE '%%';
# Time: 2023-06-17T12:04:39.616698Z
# User@Host: mysql[mysql] @  [192.168.80.3]  Id:    15
# Query_time: 1.204461  Lock_time: 0.000012 Rows_sent: 0  Rows_examined: 300001
SET timestamp=1687003478;
SELECT user_id FROM user WHERE goal LIKE '%%';
# Time: 2023-06-17T12:04:39.617747Z
# User@Host: mysql[mysql] @  [192.168.80.3]  Id:    10
# Query_time: 1.188929  Lock_time: 0.000001 Rows_sent: 0  Rows_examined: 300001
SET timestamp=1687003478;
SELECT user_id FROM user WHERE goal LIKE '%%';
# Time: 2023-06-17T12:04:39.636344Z
# User@Host: mysql[mysql] @  [192.168.80.3]  Id:    19
# Query_time: 1.226564  Lock_time: 0.000003 Rows_sent: 0  Rows_examined: 300001
SET timestamp=1687003478;
SELECT user_id FROM user WHERE goal LIKE '%%';
# Time: 2023-06-17T12:04:39.639929Z
# User@Host: mysql[mysql] @  [192.168.80.3]  Id:    11
# Query_time: 1.212834  Lock_time: 0.000004 Rows_sent: 0  Rows_examined: 300001
SET timestamp=1687003478;
SELECT user_id FROM user WHERE goal LIKE '%%';
# Time: 2023-06-17T12:04:40.205738Z
# User@Host: mysql[mysql] @  [192.168.80.3]  Id:    13
# Query_time: 1.041670  Lock_time: 0.000269 Rows_sent: 0  Rows_examined: 300001
SET timestamp=1687003479;
SELECT user_id FROM user WHERE goal LIKE '%%';
# Time: 2023-06-17T12:04:40.213082Z
# User@Host: mysql[mysql] @  [192.168.80.3]  Id:    16
# Query_time: 1.012296  Lock_time: 0.000001 Rows_sent: 0  Rows_examined: 300001
SET timestamp=1687003479;
SELECT user_id FROM user WHERE goal LIKE '%%';
# Time: 2023-06-17T12:04:40.217191Z
# User@Host: mysql[mysql] @  [192.168.80.3]  Id:    17
# Query_time: 1.016098  Lock_time: 0.000001 Rows_sent: 0  Rows_examined: 300001
SET timestamp=1687003479;
SELECT user_id FROM user WHERE goal LIKE '%%';
# Time: 2023-06-17T12:04:40.231328Z
# User@Host: mysql[mysql] @  [192.168.80.3]  Id:    12
# Query_time: 1.010512  Lock_time: 0.000002 Rows_sent: 0  Rows_examined: 300001
SET timestamp=1687003479;
SELECT user_id FROM user WHERE goal LIKE '%%';
# Time: 2023-06-17T12:04:40.248581Z
# User@Host: mysql[mysql] @  [192.168.80.3]  Id:    14
# Query_time: 1.054916  Lock_time: 0.000003 Rows_sent: 0  Rows_examined: 300001
SET timestamp=1687003479;
SELECT user_id FROM user WHERE goal LIKE '%%';
# Time: 2023-06-17T12:04:40.264973Z
# User@Host: mysql[mysql] @  [192.168.80.3]  Id:    18
# Query_time: 1.079054  Lock_time: 0.000020 Rows_sent: 0  Rows_examined: 300001
SET timestamp=1687003479;
SELECT user_id FROM user WHERE goal LIKE '%%';
# Time: 2023-06-17T12:04:41.867004Z
# User@Host: mysql[mysql] @  [192.168.80.3]  Id:    19
# Query_time: 1.214833  Lock_time: 0.000006 Rows_sent: 0  Rows_examined: 300001
SET timestamp=1687003480;
SELECT user_id FROM user WHERE goal LIKE '%%';
# Time: 2023-06-17T12:04:41.867599Z
# User@Host: mysql[mysql] @  [192.168.80.3]  Id:    11
# Query_time: 1.216735  Lock_time: 0.000002 Rows_sent: 0  Rows_examined: 300001
SET timestamp=1687003480;
SELECT user_id FROM user WHERE goal LIKE '%%';
# Time: 2023-06-17T12:04:41.870744Z
# User@Host: mysql[mysql] @  [192.168.80.3]  Id:    10
# Query_time: 1.230320  Lock_time: 0.000002 Rows_sent: 0  Rows_examined: 300001
SET timestamp=1687003480;
SELECT user_id FROM user WHERE goal LIKE '%%';
# Time: 2023-06-17T12:04:41.872946Z
# User@Host: mysql[mysql] @  [192.168.80.3]  Id:    15
# Query_time: 1.228110  Lock_time: 0.000001 Rows_sent: 0  Rows_examined: 300001
SET timestamp=1687003480;
SELECT user_id FROM user WHERE goal LIKE '%%';
# Time: 2023-06-17T12:04:42.266060Z
# User@Host: mysql[mysql] @  [192.168.80.3]  Id:    12
# Query_time: 1.160053  Lock_time: 0.000007 Rows_sent: 0  Rows_examined: 300001
SET timestamp=1687003481;
SELECT user_id FROM user WHERE goal LIKE '%%';
# Time: 2023-06-17T12:04:42.270434Z
# User@Host: mysql[mysql] @  [192.168.80.3]  Id:    13
# Query_time: 1.159604  Lock_time: 0.000002 Rows_sent: 0  Rows_examined: 300001
SET timestamp=1687003481;
SELECT user_id FROM user WHERE goal LIKE '%%';
# Time: 2023-06-17T12:04:42.271340Z
# User@Host: mysql[mysql] @  [192.168.80.3]  Id:    16
# Query_time: 1.168136  Lock_time: 0.000007 Rows_sent: 0  Rows_examined: 300001
SET timestamp=1687003481;
SELECT user_id FROM user WHERE goal LIKE '%%';
# Time: 2023-06-17T12:04:42.275394Z
# User@Host: mysql[mysql] @  [192.168.80.3]  Id:    18
# Query_time: 1.174208  Lock_time: 0.000008 Rows_sent: 0  Rows_examined: 300001
SET timestamp=1687003481;
SELECT user_id FROM user WHERE goal LIKE '%%';
# Time: 2023-06-17T12:04:42.280203Z
# User@Host: mysql[mysql] @  [192.168.80.3]  Id:    14
# Query_time: 1.171072  Lock_time: 0.000002 Rows_sent: 0  Rows_examined: 300001
SET timestamp=1687003481;
SELECT user_id FROM user WHERE goal LIKE '%%';
# Time: 2023-06-17T12:04:42.294333Z
# User@Host: mysql[mysql] @  [192.168.80.3]  Id:    17
# Query_time: 1.179162  Lock_time: 0.000002 Rows_sent: 0  Rows_examined: 300001
SET timestamp=1687003481;
SELECT user_id FROM user WHERE goal LIKE '%%';
# Time: 2023-06-17T12:04:43.362314Z
# User@Host: mysql[mysql] @  [192.168.80.3]  Id:    19
# Query_time: 1.474865  Lock_time: 0.000002 Rows_sent: 0  Rows_examined: 300001
SET timestamp=1687003481;
SELECT user_id FROM user WHERE goal LIKE '%%';
# Time: 2023-06-17T12:04:43.369405Z
# User@Host: mysql[mysql] @  [192.168.80.3]  Id:    10
# Query_time: 1.479340  Lock_time: 0.000012 Rows_sent: 0  Rows_examined: 300001
SET timestamp=1687003481;
SELECT user_id FROM user WHERE goal LIKE '%%';
# Time: 2023-06-17T12:04:43.412760Z
# User@Host: mysql[mysql] @  [192.168.80.3]  Id:    15
# Query_time: 1.519826  Lock_time: 0.000041 Rows_sent: 0  Rows_examined: 300001
SET timestamp=1687003481;
SELECT user_id FROM user WHERE goal LIKE '%%';
# Time: 2023-06-17T12:04:43.445985Z
# User@Host: mysql[mysql] @  [192.168.80.3]  Id:    11
# Query_time: 1.560312  Lock_time: 0.000010 Rows_sent: 0  Rows_examined: 300001
SET timestamp=1687003481;
SELECT user_id FROM user WHERE goal LIKE '%%';
# Time: 2023-06-17T12:04:44.396101Z
# User@Host: mysql[mysql] @  [192.168.80.3]  Id:    16
# Query_time: 2.111617  Lock_time: 0.000002 Rows_sent: 0  Rows_examined: 300001
SET timestamp=1687003482;
SELECT user_id FROM user WHERE goal LIKE '%%';
# Time: 2023-06-17T12:04:44.399547Z
# User@Host: mysql[mysql] @  [192.168.80.3]  Id:    14
# Query_time: 1.995147  Lock_time: 0.000051 Rows_sent: 0  Rows_examined: 300001
SET timestamp=1687003482;
SELECT user_id FROM user WHERE goal LIKE '%%';
# Time: 2023-06-17T12:04:44.399682Z
# User@Host: mysql[mysql] @  [192.168.80.3]  Id:    13
# Query_time: 2.114627  Lock_time: 0.000003 Rows_sent: 0  Rows_examined: 300001
SET timestamp=1687003482;
SELECT user_id FROM user WHERE goal LIKE '%%';
# Time: 2023-06-17T12:04:44.403672Z
# User@Host: mysql[mysql] @  [192.168.80.3]  Id:    17
# Query_time: 1.993131  Lock_time: 0.000011 Rows_sent: 0  Rows_examined: 300001
SET timestamp=1687003482;
SELECT user_id FROM user WHERE goal LIKE '%%';
# Time: 2023-06-17T12:04:44.431519Z
# User@Host: mysql[mysql] @  [192.168.80.3]  Id:    12
# Query_time: 2.163145  Lock_time: 0.000005 Rows_sent: 0  Rows_examined: 300001
SET timestamp=1687003482;
SELECT user_id FROM user WHERE goal LIKE '%%';
# Time: 2023-06-17T12:04:44.443646Z
# User@Host: mysql[mysql] @  [192.168.80.3]  Id:    18
# Query_time: 2.163666  Lock_time: 0.000002 Rows_sent: 0  Rows_examined: 300001
SET timestamp=1687003482;
SELECT user_id FROM user WHERE goal LIKE '%%';
# Time: 2023-06-17T12:04:46.096526Z
# User@Host: mysql[mysql] @  [192.168.80.3]  Id:    19
# Query_time: 2.660961  Lock_time: 0.000005 Rows_sent: 0  Rows_examined: 300001
SET timestamp=1687003483;
SELECT user_id FROM user WHERE goal LIKE '%%';
# Time: 2023-06-17T12:04:46.100365Z
# User@Host: mysql[mysql] @  [192.168.80.3]  Id:    10
# Query_time: 2.679831  Lock_time: 0.000349 Rows_sent: 0  Rows_examined: 300001
SET timestamp=1687003483;
SELECT user_id FROM user WHERE goal LIKE '%%';
# Time: 2023-06-17T12:04:46.102504Z
# User@Host: mysql[mysql] @  [192.168.80.3]  Id:    15
# Query_time: 2.670509  Lock_time: 0.000015 Rows_sent: 0  Rows_examined: 300001
SET timestamp=1687003483;
SELECT user_id FROM user WHERE goal LIKE '%%';
# Time: 2023-06-17T12:04:46.102663Z
# User@Host: mysql[mysql] @  [192.168.80.3]  Id:    11
# Query_time: 2.636050  Lock_time: 0.000015 Rows_sent: 0  Rows_examined: 300001
SET timestamp=1687003483;
SELECT user_id FROM user WHERE goal LIKE '%%';
# Time: 2023-06-17T12:04:46.481021Z
# User@Host: mysql[mysql] @  [192.168.80.3]  Id:    17
# Query_time: 1.954532  Lock_time: 0.000018 Rows_sent: 0  Rows_examined: 300001
SET timestamp=1687003484;
SELECT user_id FROM user WHERE goal LIKE '%%';
# Time: 2023-06-17T12:04:46.489840Z
# User@Host: mysql[mysql] @  [192.168.80.3]  Id:    12
# Query_time: 1.940786  Lock_time: 0.000005 Rows_sent: 0  Rows_examined: 300001
SET timestamp=1687003484;
SELECT user_id FROM user WHERE goal LIKE '%%';
# Time: 2023-06-17T12:04:46.494828Z
# User@Host: mysql[mysql] @  [192.168.80.3]  Id:    16
# Query_time: 2.019593  Lock_time: 0.000042 Rows_sent: 0  Rows_examined: 300001
SET timestamp=1687003484;
SELECT user_id FROM user WHERE goal LIKE '%%';
# Time: 2023-06-17T12:04:46.500991Z
# User@Host: mysql[mysql] @  [192.168.80.3]  Id:    18
# Query_time: 1.948055  Lock_time: 0.000018 Rows_sent: 0  Rows_examined: 300001
SET timestamp=1687003484;
SELECT user_id FROM user WHERE goal LIKE '%%';
# Time: 2023-06-17T12:04:46.502815Z
# User@Host: mysql[mysql] @  [192.168.80.3]  Id:    13
# Query_time: 1.988234  Lock_time: 0.000015 Rows_sent: 0  Rows_examined: 300001
SET timestamp=1687003484;
SELECT user_id FROM user WHERE goal LIKE '%%';
# Time: 2023-06-17T12:04:46.581938Z
# User@Host: mysql[mysql] @  [192.168.80.3]  Id:    14
# Query_time: 2.093356  Lock_time: 0.000004 Rows_sent: 0  Rows_examined: 300001
SET timestamp=1687003484;
SELECT user_id FROM user WHERE goal LIKE '%%';
# Time: 2023-06-17T12:04:47.552968Z
# User@Host: mysql[mysql] @  [192.168.80.3]  Id:    17
# Query_time: 1.049648  Lock_time: 0.000032 Rows_sent: 0  Rows_examined: 300001
SET timestamp=1687003486;
SELECT user_id FROM user WHERE goal LIKE '%%';
# Time: 2023-06-17T12:04:47.565323Z
# User@Host: mysql[mysql] @  [192.168.80.3]  Id:    11
# Query_time: 1.405782  Lock_time: 0.000011 Rows_sent: 0  Rows_examined: 300001
SET timestamp=1687003486;
SELECT user_id FROM user WHERE goal LIKE '%%';
# Time: 2023-06-17T12:04:47.555660Z
# User@Host: mysql[mysql] @  [192.168.80.3]  Id:    10
# Query_time: 1.410151  Lock_time: 0.000017 Rows_sent: 0  Rows_examined: 300001
SET timestamp=1687003486;
SELECT user_id FROM user WHERE goal LIKE '%%';
# Time: 2023-06-17T12:04:47.559022Z
# User@Host: mysql[mysql] @  [192.168.80.3]  Id:    16
# Query_time: 1.020080  Lock_time: 0.000026 Rows_sent: 0  Rows_examined: 300001
SET timestamp=1687003486;
SELECT user_id FROM user WHERE goal LIKE '%%';
# Time: 2023-06-17T12:04:47.553668Z
# User@Host: mysql[mysql] @  [192.168.80.3]  Id:    15
# Query_time: 1.398902  Lock_time: 0.000016 Rows_sent: 0  Rows_examined: 300001
SET timestamp=1687003486;
SELECT user_id FROM user WHERE goal LIKE '%%';
# Time: 2023-06-17T12:04:47.576573Z
# User@Host: mysql[mysql] @  [192.168.80.3]  Id:    12
# Query_time: 1.062715  Lock_time: 0.000019 Rows_sent: 0  Rows_examined: 300001
SET timestamp=1687003486;
SELECT user_id FROM user WHERE goal LIKE '%%';
# Time: 2023-06-17T12:04:47.588229Z
# User@Host: mysql[mysql] @  [192.168.80.3]  Id:    13
# Query_time: 1.032221  Lock_time: 0.000017 Rows_sent: 0  Rows_examined: 300001
SET timestamp=1687003486;
SELECT user_id FROM user WHERE goal LIKE '%%';
# Time: 2023-06-17T12:04:47.656107Z
# User@Host: mysql[mysql] @  [192.168.80.3]  Id:    19
# Query_time: 1.524992  Lock_time: 0.000005 Rows_sent: 0  Rows_examined: 300001
SET timestamp=1687003486;
SELECT user_id FROM user WHERE goal LIKE '%%';
